[35m[1mScanning dependencies of target robot[0m
[ 50%] Built target comm
[ 75%] [32mBuilding CXX object CMakeFiles/robot.dir/src/robot/robot.cpp.o[0m
[01m[K/home/khoirlnwar/communication/src/communication/src/robot/robot.cpp:[m[K In function â€˜[01m[Kint main(int, char**)[m[Kâ€™:
[01m[K/home/khoirlnwar/communication/src/communication/src/robot/robot.cpp:64:2:[m[K [01;31m[Kerror: [m[Kexpected â€˜[01m[K;[m[Kâ€™ before â€˜[01m[Kif[m[Kâ€™
  if (DB_put(VISION, my_vision) == -1)
[01;32m[K  ^[m[K
[01m[K/home/khoirlnwar/communication/src/communication/src/robot/robot.cpp:74:26:[m[K [01;35m[Kwarning: [m[Kformat â€˜[01m[K%d[m[Kâ€™ expects argument of type â€˜[01m[Kint*[m[Kâ€™, but argument 2 has type â€˜[01m[Kfloat*[m[Kâ€™ [-Wformat=]
   scanf("%d", &(my_pos.x));
[01;32m[K                          ^[m[K
[01m[K/home/khoirlnwar/communication/src/communication/src/robot/robot.cpp:74:27:[m[K [01;35m[Kwarning: [m[Kignoring return value of â€˜[01m[Kint scanf(const char*, ...)[m[Kâ€™, declared with attribute warn_unused_result [-Wunused-result]
   scanf("%d", &(my_pos.x));
[01;32m[K                           ^[m[K
CMakeFiles/robot.dir/build.make:62: recipe for target 'CMakeFiles/robot.dir/src/robot/robot.cpp.o' failed
make[2]: *** [CMakeFiles/robot.dir/src/robot/robot.cpp.o] Error 1
CMakeFiles/Makefile2:67: recipe for target 'CMakeFiles/robot.dir/all' failed
Makefile:138: recipe for target 'all' failed
make[1]: *** [CMakeFiles/robot.dir/all] Error 2
make: *** [all] Error 2
